{"C:\\Users\\sara.siqueira\\OneDrive - OPUS Software\\Área de Trabalho\\progweb\\agenduni-back\\src\\config\\database.ts": {"path":"C:\\Users\\sara.siqueira\\OneDrive - OPUS Software\\Área de Trabalho\\progweb\\agenduni-back\\src\\config\\database.ts","statementMap":{"0":{"start":{"line":1,"column":0},"end":{"line":1,"column":37}},"1":{"start":{"line":2,"column":0},"end":{"line":2,"column":32}},"2":{"start":{"line":5,"column":0},"end":{"line":5,"column":16}},"3":{"start":{"line":8,"column":18},"end":{"line":16,"column":2}},"4":{"start":{"line":19,"column":0},"end":{"line":19,"column":25}}},"fnMap":{},"branchMap":{},"s":{"0":5,"1":5,"2":5,"3":5,"4":5},"f":{},"b":{}}
,"C:\\Users\\sara.siqueira\\OneDrive - OPUS Software\\Área de Trabalho\\progweb\\agenduni-back\\src\\models\\User.ts": {"path":"C:\\Users\\sara.siqueira\\OneDrive - OPUS Software\\Área de Trabalho\\progweb\\agenduni-back\\src\\models\\User.ts","statementMap":{"0":{"start":{"line":1,"column":0},"end":{"line":1,"column":55}},"1":{"start":{"line":2,"column":0},"end":{"line":2,"column":43}},"2":{"start":{"line":18,"column":0},"end":{"line":18,"column":13}},"3":{"start":{"line":27,"column":0},"end":{"line":53,"column":2}}},"fnMap":{},"branchMap":{},"s":{"0":3,"1":3,"2":3,"3":3},"f":{},"b":{}}
,"C:\\Users\\sara.siqueira\\OneDrive - OPUS Software\\Área de Trabalho\\progweb\\agenduni-back\\src\\models\\disciplina.ts": {"path":"C:\\Users\\sara.siqueira\\OneDrive - OPUS Software\\Área de Trabalho\\progweb\\agenduni-back\\src\\models\\disciplina.ts","statementMap":{"0":{"start":{"line":1,"column":0},"end":{"line":1,"column":55}},"1":{"start":{"line":2,"column":0},"end":{"line":2,"column":43}},"2":{"start":{"line":25,"column":0},"end":{"line":25,"column":13}},"3":{"start":{"line":39,"column":0},"end":{"line":86,"column":2}}},"fnMap":{},"branchMap":{},"s":{"0":4,"1":4,"2":4,"3":4},"f":{},"b":{}}
,"C:\\Users\\sara.siqueira\\OneDrive - OPUS Software\\Área de Trabalho\\progweb\\agenduni-back\\src\\models\\lembretes.ts": {"path":"C:\\Users\\sara.siqueira\\OneDrive - OPUS Software\\Área de Trabalho\\progweb\\agenduni-back\\src\\models\\lembretes.ts","statementMap":{"0":{"start":{"line":1,"column":0},"end":{"line":1,"column":62}},"1":{"start":{"line":2,"column":0},"end":{"line":2,"column":43}},"2":{"start":{"line":18,"column":0},"end":{"line":18,"column":13}},"3":{"start":{"line":27,"column":0},"end":{"line":53,"column":2}}},"fnMap":{},"branchMap":{},"s":{"0":1,"1":1,"2":1,"3":1},"f":{},"b":{}}
,"C:\\Users\\sara.siqueira\\OneDrive - OPUS Software\\Área de Trabalho\\progweb\\agenduni-back\\src\\models\\materiais.ts": {"path":"C:\\Users\\sara.siqueira\\OneDrive - OPUS Software\\Área de Trabalho\\progweb\\agenduni-back\\src\\models\\materiais.ts","statementMap":{"0":{"start":{"line":1,"column":0},"end":{"line":1,"column":72}},"1":{"start":{"line":3,"column":0},"end":{"line":3,"column":43}},"2":{"start":{"line":18,"column":0},"end":{"line":18,"column":13}},"3":{"start":{"line":28,"column":0},"end":{"line":57,"column":2}}},"fnMap":{},"branchMap":{},"s":{"0":1,"1":1,"2":1,"3":1},"f":{},"b":{}}
,"C:\\Users\\sara.siqueira\\OneDrive - OPUS Software\\Área de Trabalho\\progweb\\agenduni-back\\src\\repository\\UserRepository.ts": {"path":"C:\\Users\\sara.siqueira\\OneDrive - OPUS Software\\Área de Trabalho\\progweb\\agenduni-back\\src\\repository\\UserRepository.ts","statementMap":{"0":{"start":{"line":1,"column":0},"end":{"line":1,"column":38}},"1":{"start":{"line":10,"column":4},"end":{"line":10,"column":26}},"2":{"start":{"line":28,"column":4},"end":{"line":28,"column":35}},"3":{"start":{"line":32,"column":4},"end":{"line":32,"column":42}},"4":{"start":{"line":45,"column":17},"end":{"line":45,"column":50}},"5":{"start":{"line":46,"column":4},"end":{"line":48,"column":13}},"6":{"start":{"line":52,"column":4},"end":{"line":52,"column":45}},"7":{"start":{"line":57,"column":18},"end":{"line":57,"column":23}},"8":{"start":{"line":58,"column":17},"end":{"line":58,"column":50}},"9":{"start":{"line":59,"column":4},"end":{"line":62,"column":5}},"10":{"start":{"line":60,"column":6},"end":{"line":60,"column":28}},"11":{"start":{"line":61,"column":6},"end":{"line":61,"column":21}},"12":{"start":{"line":63,"column":4},"end":{"line":63,"column":19}},"13":{"start":{"line":5,"column":0},"end":{"line":5,"column":13}}},"fnMap":{"0":{"name":"(anonymous_7)","decl":{"start":{"line":9,"column":2},"end":{"line":9,"column":null}},"loc":{"start":{"line":9,"column":2},"end":{"line":11,"column":3}}},"1":{"name":"(anonymous_8)","decl":{"start":{"line":23,"column":8},"end":{"line":23,"column":18}},"loc":{"start":{"line":27,"column":3},"end":{"line":29,"column":null}}},"2":{"name":"(anonymous_10)","decl":{"start":{"line":31,"column":8},"end":{"line":31,"column":19}},"loc":{"start":{"line":31,"column":19},"end":{"line":33,"column":null}}},"3":{"name":"(anonymous_12)","decl":{"start":{"line":37,"column":8},"end":{"line":37,"column":18}},"loc":{"start":{"line":43,"column":6},"end":{"line":49,"column":null}}},"4":{"name":"(anonymous_14)","decl":{"start":{"line":51,"column":8},"end":{"line":51,"column":16}},"loc":{"start":{"line":51,"column":27},"end":{"line":53,"column":null}}},"5":{"name":"(anonymous_16)","decl":{"start":{"line":56,"column":8},"end":{"line":56,"column":18}},"loc":{"start":{"line":56,"column":29},"end":{"line":64,"column":null}}}},"branchMap":{"0":{"loc":{"start":{"line":46,"column":11},"end":{"line":48,"column":12}},"type":"cond-expr","locations":[{"start":{"line":47,"column":8},"end":{"line":47,"column":32}},{"start":{"line":48,"column":8},"end":{"line":48,"column":12}}]},"1":{"loc":{"start":{"line":59,"column":4},"end":{"line":62,"column":5}},"type":"if","locations":[{"start":{"line":59,"column":4},"end":{"line":62,"column":5}},{"start":{},"end":{}}]}},"s":{"0":1,"1":11,"2":6,"3":1,"4":1,"5":1,"6":1,"7":1,"8":1,"9":1,"10":1,"11":1,"12":1,"13":1},"f":{"0":11,"1":6,"2":1,"3":1,"4":1,"5":1},"b":{"0":[1,0],"1":[1,0]}}
,"C:\\Users\\sara.siqueira\\OneDrive - OPUS Software\\Área de Trabalho\\progweb\\agenduni-back\\src\\repository\\disciplinaRepository.ts": {"path":"C:\\Users\\sara.siqueira\\OneDrive - OPUS Software\\Área de Trabalho\\progweb\\agenduni-back\\src\\repository\\disciplinaRepository.ts","statementMap":{"0":{"start":{"line":1,"column":0},"end":{"line":1,"column":48}},"1":{"start":{"line":2,"column":0},"end":{"line":2,"column":36}},"2":{"start":{"line":17,"column":17},"end":{"line":17,"column":49}},"3":{"start":{"line":18,"column":4},"end":{"line":18,"column":27}},"4":{"start":{"line":18,"column":15},"end":{"line":18,"column":27}},"5":{"start":{"line":20,"column":23},"end":{"line":29,"column":6}},"6":{"start":{"line":31,"column":4},"end":{"line":31,"column":22}},"7":{"start":{"line":35,"column":17},"end":{"line":35,"column":44}},"8":{"start":{"line":36,"column":4},"end":{"line":36,"column":27}},"9":{"start":{"line":36,"column":15},"end":{"line":36,"column":27}},"10":{"start":{"line":38,"column":4},"end":{"line":41,"column":7}},"11":{"start":{"line":55,"column":26},"end":{"line":57,"column":6}},"12":{"start":{"line":58,"column":4},"end":{"line":58,"column":39}},"13":{"start":{"line":58,"column":27},"end":{"line":58,"column":39}},"14":{"start":{"line":60,"column":4},"end":{"line":60,"column":41}},"15":{"start":{"line":63,"column":23},"end":{"line":69,"column":6}},"16":{"start":{"line":70,"column":4},"end":{"line":70,"column":null}},"17":{"start":{"line":70,"column":21},"end":{"line":70,"column":null}},"18":{"start":{"line":71,"column":4},"end":{"line":71,"column":null}},"19":{"start":{"line":75,"column":23},"end":{"line":80,"column":6}},"20":{"start":{"line":81,"column":4},"end":{"line":81,"column":null}},"21":{"start":{"line":81,"column":21},"end":{"line":81,"column":null}},"22":{"start":{"line":83,"column":4},"end":{"line":83,"column":31}},"23":{"start":{"line":4,"column":0},"end":{"line":4,"column":13}}},"fnMap":{"0":{"name":"(anonymous_7)","decl":{"start":{"line":6,"column":10},"end":{"line":6,"column":25}},"loc":{"start":{"line":15,"column":3},"end":{"line":32,"column":null}}},"1":{"name":"(anonymous_9)","decl":{"start":{"line":34,"column":10},"end":{"line":34,"column":27}},"loc":{"start":{"line":34,"column":42},"end":{"line":42,"column":null}}},"2":{"name":"(anonymous_11)","decl":{"start":{"line":44,"column":10},"end":{"line":44,"column":26}},"loc":{"start":{"line":53,"column":5},"end":{"line":60,"column":null}}},"3":{"name":"(anonymous_13)","decl":{"start":{"line":62,"column":10},"end":{"line":62,"column":26}},"loc":{"start":{"line":62,"column":53},"end":{"line":72,"column":null}}},"4":{"name":"(anonymous_15)","decl":{"start":{"line":74,"column":10},"end":{"line":74,"column":26}},"loc":{"start":{"line":74,"column":53},"end":{"line":84,"column":null}}}},"branchMap":{"0":{"loc":{"start":{"line":18,"column":4},"end":{"line":18,"column":27}},"type":"if","locations":[{"start":{"line":18,"column":4},"end":{"line":18,"column":27}},{"start":{},"end":{}}]},"1":{"loc":{"start":{"line":36,"column":4},"end":{"line":36,"column":27}},"type":"if","locations":[{"start":{"line":36,"column":4},"end":{"line":36,"column":27}},{"start":{},"end":{}}]},"2":{"loc":{"start":{"line":58,"column":4},"end":{"line":58,"column":39}},"type":"if","locations":[{"start":{"line":58,"column":4},"end":{"line":58,"column":39}},{"start":{},"end":{}}]},"3":{"loc":{"start":{"line":70,"column":4},"end":{"line":70,"column":null}},"type":"if","locations":[{"start":{"line":70,"column":4},"end":{"line":70,"column":null}},{"start":{},"end":{}}]},"4":{"loc":{"start":{"line":81,"column":4},"end":{"line":81,"column":null}},"type":"if","locations":[{"start":{"line":81,"column":4},"end":{"line":81,"column":null}},{"start":{},"end":{}}]}},"s":{"0":2,"1":2,"2":4,"3":2,"4":0,"5":2,"6":1,"7":0,"8":0,"9":0,"10":0,"11":0,"12":0,"13":0,"14":0,"15":0,"16":0,"17":0,"18":0,"19":1,"20":1,"21":0,"22":1,"23":2},"f":{"0":4,"1":0,"2":0,"3":0,"4":1},"b":{"0":[0,2],"1":[0,0],"2":[0,0],"3":[0,0],"4":[0,1]}}
,"C:\\Users\\sara.siqueira\\OneDrive - OPUS Software\\Área de Trabalho\\progweb\\agenduni-back\\src\\repository\\lembretesRepository.ts": {"path":"C:\\Users\\sara.siqueira\\OneDrive - OPUS Software\\Área de Trabalho\\progweb\\agenduni-back\\src\\repository\\lembretesRepository.ts","statementMap":{"0":{"start":{"line":1,"column":0},"end":{"line":1,"column":47}},"1":{"start":{"line":2,"column":0},"end":{"line":2,"column":50}},"2":{"start":{"line":12,"column":28},"end":{"line":12,"column":66}},"3":{"start":{"line":13,"column":8},"end":{"line":13,"column":null}},"4":{"start":{"line":13,"column":25},"end":{"line":13,"column":null}},"5":{"start":{"line":15,"column":25},"end":{"line":20,"column":10}},"6":{"start":{"line":21,"column":8},"end":{"line":21,"column":24}},"7":{"start":{"line":25,"column":27},"end":{"line":25,"column":60}},"8":{"start":{"line":26,"column":8},"end":{"line":26,"column":null}},"9":{"start":{"line":26,"column":25},"end":{"line":26,"column":null}},"10":{"start":{"line":28,"column":8},"end":{"line":31,"column":null}},"11":{"start":{"line":39,"column":27},"end":{"line":43,"column":10}},"12":{"start":{"line":44,"column":30},"end":{"line":46,"column":10}},"13":{"start":{"line":47,"column":8},"end":{"line":47,"column":43}},"14":{"start":{"line":47,"column":31},"end":{"line":47,"column":43}},"15":{"start":{"line":49,"column":8},"end":{"line":49,"column":43}},"16":{"start":{"line":53,"column":25},"end":{"line":58,"column":10}},"17":{"start":{"line":59,"column":8},"end":{"line":59,"column":null}},"18":{"start":{"line":59,"column":23},"end":{"line":59,"column":null}},"19":{"start":{"line":60,"column":8},"end":{"line":60,"column":24}},"20":{"start":{"line":64,"column":25},"end":{"line":69,"column":10}},"21":{"start":{"line":70,"column":8},"end":{"line":70,"column":null}},"22":{"start":{"line":70,"column":23},"end":{"line":70,"column":null}},"23":{"start":{"line":72,"column":8},"end":{"line":72,"column":33}},"24":{"start":{"line":4,"column":0},"end":{"line":4,"column":13}}},"fnMap":{"0":{"name":"(anonymous_7)","decl":{"start":{"line":6,"column":10},"end":{"line":6,"column":25}},"loc":{"start":{"line":10,"column":5},"end":{"line":22,"column":null}}},"1":{"name":"(anonymous_9)","decl":{"start":{"line":24,"column":10},"end":{"line":24,"column":25}},"loc":{"start":{"line":24,"column":40},"end":{"line":32,"column":null}}},"2":{"name":"(anonymous_11)","decl":{"start":{"line":34,"column":10},"end":{"line":34,"column":24}},"loc":{"start":{"line":38,"column":5},"end":{"line":50,"column":null}}},"3":{"name":"(anonymous_13)","decl":{"start":{"line":52,"column":10},"end":{"line":52,"column":24}},"loc":{"start":{"line":52,"column":51},"end":{"line":61,"column":null}}},"4":{"name":"(anonymous_15)","decl":{"start":{"line":63,"column":10},"end":{"line":63,"column":24}},"loc":{"start":{"line":63,"column":51},"end":{"line":73,"column":null}}}},"branchMap":{"0":{"loc":{"start":{"line":13,"column":8},"end":{"line":13,"column":null}},"type":"if","locations":[{"start":{"line":13,"column":8},"end":{"line":13,"column":null}},{"start":{},"end":{}}]},"1":{"loc":{"start":{"line":26,"column":8},"end":{"line":26,"column":null}},"type":"if","locations":[{"start":{"line":26,"column":8},"end":{"line":26,"column":null}},{"start":{},"end":{}}]},"2":{"loc":{"start":{"line":47,"column":8},"end":{"line":47,"column":43}},"type":"if","locations":[{"start":{"line":47,"column":8},"end":{"line":47,"column":43}},{"start":{},"end":{}}]},"3":{"loc":{"start":{"line":59,"column":8},"end":{"line":59,"column":null}},"type":"if","locations":[{"start":{"line":59,"column":8},"end":{"line":59,"column":null}},{"start":{},"end":{}}]},"4":{"loc":{"start":{"line":70,"column":8},"end":{"line":70,"column":null}},"type":"if","locations":[{"start":{"line":70,"column":8},"end":{"line":70,"column":null}},{"start":{},"end":{}}]}},"s":{"0":1,"1":1,"2":1,"3":1,"4":0,"5":1,"6":1,"7":0,"8":0,"9":0,"10":0,"11":0,"12":0,"13":0,"14":0,"15":0,"16":0,"17":0,"18":0,"19":0,"20":0,"21":0,"22":0,"23":0,"24":1},"f":{"0":1,"1":0,"2":0,"3":0,"4":0},"b":{"0":[0,1],"1":[0,0],"2":[0,0],"3":[0,0],"4":[0,0]}}
,"C:\\Users\\sara.siqueira\\OneDrive - OPUS Software\\Área de Trabalho\\progweb\\agenduni-back\\src\\repository\\materiaisRepository.ts": {"path":"C:\\Users\\sara.siqueira\\OneDrive - OPUS Software\\Área de Trabalho\\progweb\\agenduni-back\\src\\repository\\materiaisRepository.ts","statementMap":{"0":{"start":{"line":1,"column":0},"end":{"line":1,"column":77}},"1":{"start":{"line":2,"column":0},"end":{"line":2,"column":50}},"2":{"start":{"line":9,"column":28},"end":{"line":9,"column":66}},"3":{"start":{"line":10,"column":8},"end":{"line":10,"column":null}},"4":{"start":{"line":10,"column":25},"end":{"line":10,"column":null}},"5":{"start":{"line":12,"column":26},"end":{"line":18,"column":10}},"6":{"start":{"line":20,"column":8},"end":{"line":20,"column":25}},"7":{"start":{"line":24,"column":27},"end":{"line":24,"column":60}},"8":{"start":{"line":25,"column":8},"end":{"line":25,"column":null}},"9":{"start":{"line":25,"column":25},"end":{"line":25,"column":null}},"10":{"start":{"line":27,"column":8},"end":{"line":30,"column":null}},"11":{"start":{"line":39,"column":30},"end":{"line":41,"column":10}},"12":{"start":{"line":42,"column":8},"end":{"line":42,"column":43}},"13":{"start":{"line":42,"column":31},"end":{"line":42,"column":43}},"14":{"start":{"line":44,"column":8},"end":{"line":44,"column":44}},"15":{"start":{"line":48,"column":25},"end":{"line":53,"column":10}},"16":{"start":{"line":54,"column":8},"end":{"line":54,"column":null}},"17":{"start":{"line":54,"column":23},"end":{"line":54,"column":null}},"18":{"start":{"line":56,"column":8},"end":{"line":56,"column":null}},"19":{"start":{"line":60,"column":25},"end":{"line":65,"column":10}},"20":{"start":{"line":66,"column":8},"end":{"line":66,"column":null}},"21":{"start":{"line":66,"column":23},"end":{"line":66,"column":null}},"22":{"start":{"line":68,"column":8},"end":{"line":68,"column":33}},"23":{"start":{"line":5,"column":0},"end":{"line":5,"column":13}}},"fnMap":{"0":{"name":"(anonymous_7)","decl":{"start":{"line":7,"column":10},"end":{"line":7,"column":25}},"loc":{"start":{"line":7,"column":59},"end":{"line":21,"column":null}}},"1":{"name":"(anonymous_9)","decl":{"start":{"line":23,"column":10},"end":{"line":23,"column":25}},"loc":{"start":{"line":23,"column":40},"end":{"line":31,"column":null}}},"2":{"name":"(anonymous_11)","decl":{"start":{"line":33,"column":10},"end":{"line":33,"column":25}},"loc":{"start":{"line":38,"column":5},"end":{"line":45,"column":null}}},"3":{"name":"(anonymous_13)","decl":{"start":{"line":47,"column":10},"end":{"line":47,"column":24}},"loc":{"start":{"line":47,"column":51},"end":{"line":57,"column":null}}},"4":{"name":"(anonymous_15)","decl":{"start":{"line":59,"column":10},"end":{"line":59,"column":24}},"loc":{"start":{"line":59,"column":51},"end":{"line":69,"column":null}}}},"branchMap":{"0":{"loc":{"start":{"line":10,"column":8},"end":{"line":10,"column":null}},"type":"if","locations":[{"start":{"line":10,"column":8},"end":{"line":10,"column":null}},{"start":{},"end":{}}]},"1":{"loc":{"start":{"line":25,"column":8},"end":{"line":25,"column":null}},"type":"if","locations":[{"start":{"line":25,"column":8},"end":{"line":25,"column":null}},{"start":{},"end":{}}]},"2":{"loc":{"start":{"line":42,"column":8},"end":{"line":42,"column":43}},"type":"if","locations":[{"start":{"line":42,"column":8},"end":{"line":42,"column":43}},{"start":{},"end":{}}]},"3":{"loc":{"start":{"line":54,"column":8},"end":{"line":54,"column":null}},"type":"if","locations":[{"start":{"line":54,"column":8},"end":{"line":54,"column":null}},{"start":{},"end":{}}]},"4":{"loc":{"start":{"line":66,"column":8},"end":{"line":66,"column":null}},"type":"if","locations":[{"start":{"line":66,"column":8},"end":{"line":66,"column":null}},{"start":{},"end":{}}]}},"s":{"0":1,"1":1,"2":0,"3":0,"4":0,"5":0,"6":0,"7":0,"8":0,"9":0,"10":0,"11":0,"12":0,"13":0,"14":0,"15":0,"16":0,"17":0,"18":0,"19":0,"20":0,"21":0,"22":0,"23":1},"f":{"0":0,"1":0,"2":0,"3":0,"4":0},"b":{"0":[0,0],"1":[0,0],"2":[0,0],"3":[0,0],"4":[0,0]}}
,"C:\\Users\\sara.siqueira\\OneDrive - OPUS Software\\Área de Trabalho\\progweb\\agenduni-back\\src\\services\\UserService.ts": {"path":"C:\\Users\\sara.siqueira\\OneDrive - OPUS Software\\Área de Trabalho\\progweb\\agenduni-back\\src\\services\\UserService.ts","statementMap":{"0":{"start":{"line":1,"column":0},"end":{"line":1,"column":35}},"1":{"start":{"line":2,"column":0},"end":{"line":2,"column":62}},"2":{"start":{"line":8,"column":23},"end":{"line":8,"column":43}},"3":{"start":{"line":9,"column":19},"end":{"line":9,"column":21}},"4":{"start":{"line":13,"column":10},"end":{"line":13,"column":48}},"5":{"start":{"line":17,"column":8},"end":{"line":17,"column":45}},"6":{"start":{"line":18,"column":8},"end":{"line":18,"column":83}},"7":{"start":{"line":26,"column":4},"end":{"line":26,"column":59}},"8":{"start":{"line":28,"column":4},"end":{"line":28,"column":49}},"9":{"start":{"line":32,"column":4},"end":{"line":32,"column":46}},"10":{"start":{"line":40,"column":4},"end":{"line":42,"column":5}},"11":{"start":{"line":41,"column":6},"end":{"line":41,"column":61}},"12":{"start":{"line":44,"column":4},"end":{"line":44,"column":53}},"13":{"start":{"line":48,"column":6},"end":{"line":48,"column":47}},"14":{"start":{"line":52,"column":6},"end":{"line":52,"column":49}},"15":{"start":{"line":11,"column":0},"end":{"line":11,"column":13}}},"fnMap":{"0":{"name":"(anonymous_7)","decl":{"start":{"line":16,"column":4},"end":{"line":16,"column":16}},"loc":{"start":{"line":16,"column":46},"end":{"line":19,"column":5}}},"1":{"name":"(anonymous_8)","decl":{"start":{"line":21,"column":8},"end":{"line":21,"column":18}},"loc":{"start":{"line":25,"column":3},"end":{"line":29,"column":null}}},"2":{"name":"(anonymous_10)","decl":{"start":{"line":31,"column":8},"end":{"line":31,"column":19}},"loc":{"start":{"line":31,"column":19},"end":{"line":33,"column":null}}},"3":{"name":"(anonymous_12)","decl":{"start":{"line":35,"column":8},"end":{"line":35,"column":18}},"loc":{"start":{"line":39,"column":4},"end":{"line":45,"column":null}}},"4":{"name":"(anonymous_14)","decl":{"start":{"line":47,"column":8},"end":{"line":47,"column":19}},"loc":{"start":{"line":47,"column":30},"end":{"line":49,"column":null}}},"5":{"name":"(anonymous_16)","decl":{"start":{"line":51,"column":8},"end":{"line":51,"column":18}},"loc":{"start":{"line":51,"column":29},"end":{"line":53,"column":null}}}},"branchMap":{"0":{"loc":{"start":{"line":18,"column":26},"end":{"line":18,"column":67}},"type":"binary-expr","locations":[{"start":{"line":18,"column":26},"end":{"line":18,"column":48}},{"start":{"line":18,"column":52},"end":{"line":18,"column":67}}]},"1":{"loc":{"start":{"line":40,"column":4},"end":{"line":42,"column":5}},"type":"if","locations":[{"start":{"line":40,"column":4},"end":{"line":42,"column":5}},{"start":{},"end":{}}]}},"s":{"0":1,"1":1,"2":1,"3":1,"4":5,"5":5,"6":5,"7":6,"8":6,"9":1,"10":1,"11":1,"12":1,"13":1,"14":1,"15":1},"f":{"0":5,"1":6,"2":1,"3":1,"4":1,"5":1},"b":{"0":[5,0],"1":[1,0]}}
,"C:\\Users\\sara.siqueira\\OneDrive - OPUS Software\\Área de Trabalho\\progweb\\agenduni-back\\src\\services\\disciplinaService.ts": {"path":"C:\\Users\\sara.siqueira\\OneDrive - OPUS Software\\Área de Trabalho\\progweb\\agenduni-back\\src\\services\\disciplinaService.ts","statementMap":{"0":{"start":{"line":2,"column":0},"end":{"line":2,"column":74}},"1":{"start":{"line":5,"column":12},"end":{"line":5,"column":46}},"2":{"start":{"line":8,"column":8},"end":{"line":8,"column":53}},"3":{"start":{"line":12,"column":8},"end":{"line":12,"column":57}},"4":{"start":{"line":16,"column":8},"end":{"line":16,"column":58}},"5":{"start":{"line":20,"column":8},"end":{"line":20,"column":60}},"6":{"start":{"line":24,"column":8},"end":{"line":24,"column":60}},"7":{"start":{"line":4,"column":0},"end":{"line":4,"column":13}}},"fnMap":{"0":{"name":"(anonymous_7)","decl":{"start":{"line":4,"column":0},"end":{"line":4,"column":13}},"loc":{"start":{"line":4,"column":0},"end":{"line":26,"column":1}}},"1":{"name":"(anonymous_8)","decl":{"start":{"line":7,"column":10},"end":{"line":7,"column":26}},"loc":{"start":{"line":7,"column":43},"end":{"line":9,"column":null}}},"2":{"name":"(anonymous_10)","decl":{"start":{"line":11,"column":10},"end":{"line":11,"column":27}},"loc":{"start":{"line":11,"column":42},"end":{"line":13,"column":null}}},"3":{"name":"(anonymous_12)","decl":{"start":{"line":15,"column":10},"end":{"line":15,"column":26}},"loc":{"start":{"line":15,"column":55},"end":{"line":17,"column":null}}},"4":{"name":"(anonymous_14)","decl":{"start":{"line":19,"column":10},"end":{"line":19,"column":26}},"loc":{"start":{"line":19,"column":53},"end":{"line":21,"column":null}}},"5":{"name":"(anonymous_16)","decl":{"start":{"line":23,"column":10},"end":{"line":23,"column":26}},"loc":{"start":{"line":23,"column":53},"end":{"line":25,"column":null}}}},"branchMap":{},"s":{"0":2,"1":10,"2":4,"3":0,"4":0,"5":0,"6":1,"7":2},"f":{"0":10,"1":4,"2":0,"3":0,"4":0,"5":1},"b":{}}
,"C:\\Users\\sara.siqueira\\OneDrive - OPUS Software\\Área de Trabalho\\progweb\\agenduni-back\\src\\services\\lembretesService.ts": {"path":"C:\\Users\\sara.siqueira\\OneDrive - OPUS Software\\Área de Trabalho\\progweb\\agenduni-back\\src\\services\\lembretesService.ts","statementMap":{"0":{"start":{"line":2,"column":0},"end":{"line":2,"column":72}},"1":{"start":{"line":6,"column":12},"end":{"line":6,"column":45}},"2":{"start":{"line":9,"column":23},"end":{"line":9,"column":60}},"3":{"start":{"line":10,"column":8},"end":{"line":10,"column":52}},"4":{"start":{"line":14,"column":8},"end":{"line":14,"column":55}},"5":{"start":{"line":18,"column":8},"end":{"line":18,"column":56}},"6":{"start":{"line":22,"column":23},"end":{"line":22,"column":65}},"7":{"start":{"line":23,"column":8},"end":{"line":23,"column":52}},"8":{"start":{"line":27,"column":8},"end":{"line":27,"column":51}},"9":{"start":{"line":5,"column":0},"end":{"line":5,"column":13}}},"fnMap":{"0":{"name":"(anonymous_7)","decl":{"start":{"line":5,"column":0},"end":{"line":5,"column":13}},"loc":{"start":{"line":5,"column":0},"end":{"line":29,"column":5}}},"1":{"name":"(anonymous_8)","decl":{"start":{"line":8,"column":10},"end":{"line":8,"column":25}},"loc":{"start":{"line":8,"column":58},"end":{"line":11,"column":null}}},"2":{"name":"(anonymous_10)","decl":{"start":{"line":13,"column":10},"end":{"line":13,"column":25}},"loc":{"start":{"line":13,"column":40},"end":{"line":15,"column":null}}},"3":{"name":"(anonymous_12)","decl":{"start":{"line":17,"column":10},"end":{"line":17,"column":25}},"loc":{"start":{"line":17,"column":70},"end":{"line":19,"column":null}}},"4":{"name":"(anonymous_14)","decl":{"start":{"line":21,"column":10},"end":{"line":21,"column":24}},"loc":{"start":{"line":21,"column":51},"end":{"line":24,"column":null}}},"5":{"name":"(anonymous_16)","decl":{"start":{"line":26,"column":10},"end":{"line":26,"column":24}},"loc":{"start":{"line":26,"column":51},"end":{"line":28,"column":null}}}},"branchMap":{"0":{"loc":{"start":{"line":10,"column":15},"end":{"line":10,"column":51}},"type":"cond-expr","locations":[{"start":{"line":10,"column":38},"end":{"line":10,"column":42}},{"start":{"line":10,"column":45},"end":{"line":10,"column":51}}]},"1":{"loc":{"start":{"line":23,"column":15},"end":{"line":23,"column":51}},"type":"cond-expr","locations":[{"start":{"line":23,"column":38},"end":{"line":23,"column":42}},{"start":{"line":23,"column":45},"end":{"line":23,"column":51}}]}},"s":{"0":1,"1":5,"2":1,"3":1,"4":0,"5":0,"6":0,"7":0,"8":0,"9":1},"f":{"0":5,"1":1,"2":0,"3":0,"4":0,"5":0},"b":{"0":[0,1],"1":[0,0]}}
,"C:\\Users\\sara.siqueira\\OneDrive - OPUS Software\\Área de Trabalho\\progweb\\agenduni-back\\src\\services\\materiaisService.ts": {"path":"C:\\Users\\sara.siqueira\\OneDrive - OPUS Software\\Área de Trabalho\\progweb\\agenduni-back\\src\\services\\materiaisService.ts","statementMap":{"0":{"start":{"line":2,"column":0},"end":{"line":2,"column":72}},"1":{"start":{"line":6,"column":12},"end":{"line":6,"column":45}},"2":{"start":{"line":9,"column":8},"end":{"line":9,"column":53}},"3":{"start":{"line":13,"column":8},"end":{"line":13,"column":55}},"4":{"start":{"line":17,"column":8},"end":{"line":17,"column":57}},"5":{"start":{"line":21,"column":8},"end":{"line":21,"column":58}},"6":{"start":{"line":25,"column":8},"end":{"line":25,"column":58}},"7":{"start":{"line":5,"column":0},"end":{"line":5,"column":13}}},"fnMap":{"0":{"name":"(anonymous_7)","decl":{"start":{"line":5,"column":0},"end":{"line":5,"column":13}},"loc":{"start":{"line":5,"column":0},"end":{"line":27,"column":1}}},"1":{"name":"(anonymous_8)","decl":{"start":{"line":8,"column":10},"end":{"line":8,"column":25}},"loc":{"start":{"line":8,"column":59},"end":{"line":10,"column":null}}},"2":{"name":"(anonymous_10)","decl":{"start":{"line":12,"column":10},"end":{"line":12,"column":25}},"loc":{"start":{"line":12,"column":40},"end":{"line":14,"column":null}}},"3":{"name":"(anonymous_12)","decl":{"start":{"line":16,"column":10},"end":{"line":16,"column":25}},"loc":{"start":{"line":16,"column":53},"end":{"line":18,"column":null}}},"4":{"name":"(anonymous_14)","decl":{"start":{"line":20,"column":10},"end":{"line":20,"column":24}},"loc":{"start":{"line":20,"column":51},"end":{"line":22,"column":null}}},"5":{"name":"(anonymous_16)","decl":{"start":{"line":24,"column":10},"end":{"line":24,"column":24}},"loc":{"start":{"line":24,"column":51},"end":{"line":26,"column":null}}}},"branchMap":{},"s":{"0":1,"1":5,"2":0,"3":0,"4":0,"5":0,"6":0,"7":1},"f":{"0":5,"1":0,"2":0,"3":0,"4":0,"5":0},"b":{}}
}
