TN:
SF:src\config\database.ts
FNF:0
FNH:0
DA:1,5
DA:2,5
DA:5,5
DA:8,5
DA:19,5
LF:5
LH:5
BRF:0
BRH:0
end_of_record
TN:
SF:src\models\User.ts
FNF:0
FNH:0
DA:1,3
DA:2,3
DA:18,3
DA:27,3
LF:4
LH:4
BRF:0
BRH:0
end_of_record
TN:
SF:src\models\disciplina.ts
FNF:0
FNH:0
DA:1,4
DA:2,4
DA:25,4
DA:39,4
LF:4
LH:4
BRF:0
BRH:0
end_of_record
TN:
SF:src\models\lembretes.ts
FNF:0
FNH:0
DA:1,1
DA:2,1
DA:18,1
DA:27,1
LF:4
LH:4
BRF:0
BRH:0
end_of_record
TN:
SF:src\models\materiais.ts
FNF:0
FNH:0
DA:1,1
DA:3,1
DA:18,1
DA:28,1
LF:4
LH:4
BRF:0
BRH:0
end_of_record
TN:
SF:src\repository\UserRepository.ts
FN:9,(anonymous_7)
FN:23,(anonymous_8)
FN:31,(anonymous_10)
FN:37,(anonymous_12)
FN:51,(anonymous_14)
FN:56,(anonymous_16)
FNF:6
FNH:6
FNDA:11,(anonymous_7)
FNDA:6,(anonymous_8)
FNDA:1,(anonymous_10)
FNDA:1,(anonymous_12)
FNDA:1,(anonymous_14)
FNDA:1,(anonymous_16)
DA:1,1
DA:5,1
DA:10,11
DA:28,6
DA:32,1
DA:45,1
DA:46,1
DA:52,1
DA:57,1
DA:58,1
DA:59,1
DA:60,1
DA:61,1
DA:63,1
LF:14
LH:14
BRDA:46,0,0,1
BRDA:46,0,1,0
BRDA:59,1,0,1
BRDA:59,1,1,0
BRF:4
BRH:2
end_of_record
TN:
SF:src\repository\disciplinaRepository.ts
FN:6,(anonymous_7)
FN:34,(anonymous_9)
FN:44,(anonymous_11)
FN:62,(anonymous_13)
FN:74,(anonymous_15)
FNF:5
FNH:2
FNDA:4,(anonymous_7)
FNDA:0,(anonymous_9)
FNDA:0,(anonymous_11)
FNDA:0,(anonymous_13)
FNDA:1,(anonymous_15)
DA:1,2
DA:2,2
DA:4,2
DA:17,4
DA:18,2
DA:20,2
DA:31,1
DA:35,0
DA:36,0
DA:38,0
DA:55,0
DA:58,0
DA:60,0
DA:63,0
DA:70,0
DA:71,0
DA:75,1
DA:81,1
DA:83,1
LF:19
LH:10
BRDA:18,0,0,0
BRDA:18,0,1,2
BRDA:36,1,0,0
BRDA:36,1,1,0
BRDA:58,2,0,0
BRDA:58,2,1,0
BRDA:70,3,0,0
BRDA:70,3,1,0
BRDA:81,4,0,0
BRDA:81,4,1,1
BRF:10
BRH:2
end_of_record
TN:
SF:src\repository\lembretesRepository.ts
FN:6,(anonymous_7)
FN:24,(anonymous_9)
FN:34,(anonymous_11)
FN:52,(anonymous_13)
FN:63,(anonymous_15)
FNF:5
FNH:1
FNDA:1,(anonymous_7)
FNDA:0,(anonymous_9)
FNDA:0,(anonymous_11)
FNDA:0,(anonymous_13)
FNDA:0,(anonymous_15)
DA:1,1
DA:2,1
DA:4,1
DA:12,1
DA:13,1
DA:15,1
DA:21,1
DA:25,0
DA:26,0
DA:28,0
DA:39,0
DA:44,0
DA:47,0
DA:49,0
DA:53,0
DA:59,0
DA:60,0
DA:64,0
DA:70,0
DA:72,0
LF:20
LH:7
BRDA:13,0,0,0
BRDA:13,0,1,1
BRDA:26,1,0,0
BRDA:26,1,1,0
BRDA:47,2,0,0
BRDA:47,2,1,0
BRDA:59,3,0,0
BRDA:59,3,1,0
BRDA:70,4,0,0
BRDA:70,4,1,0
BRF:10
BRH:1
end_of_record
TN:
SF:src\repository\materiaisRepository.ts
FN:7,(anonymous_7)
FN:23,(anonymous_9)
FN:33,(anonymous_11)
FN:47,(anonymous_13)
FN:59,(anonymous_15)
FNF:5
FNH:0
FNDA:0,(anonymous_7)
FNDA:0,(anonymous_9)
FNDA:0,(anonymous_11)
FNDA:0,(anonymous_13)
FNDA:0,(anonymous_15)
DA:1,1
DA:2,1
DA:5,1
DA:9,0
DA:10,0
DA:12,0
DA:20,0
DA:24,0
DA:25,0
DA:27,0
DA:39,0
DA:42,0
DA:44,0
DA:48,0
DA:54,0
DA:56,0
DA:60,0
DA:66,0
DA:68,0
LF:19
LH:3
BRDA:10,0,0,0
BRDA:10,0,1,0
BRDA:25,1,0,0
BRDA:25,1,1,0
BRDA:42,2,0,0
BRDA:42,2,1,0
BRDA:54,3,0,0
BRDA:54,3,1,0
BRDA:66,4,0,0
BRDA:66,4,1,0
BRF:10
BRH:0
end_of_record
TN:
SF:src\services\UserService.ts
FN:16,(anonymous_7)
FN:21,(anonymous_8)
FN:31,(anonymous_10)
FN:35,(anonymous_12)
FN:47,(anonymous_14)
FN:51,(anonymous_16)
FNF:6
FNH:6
FNDA:5,(anonymous_7)
FNDA:6,(anonymous_8)
FNDA:1,(anonymous_10)
FNDA:1,(anonymous_12)
FNDA:1,(anonymous_14)
FNDA:1,(anonymous_16)
DA:1,1
DA:2,1
DA:8,1
DA:9,1
DA:11,1
DA:13,5
DA:17,5
DA:18,5
DA:26,6
DA:28,6
DA:32,1
DA:40,1
DA:41,1
DA:44,1
DA:48,1
DA:52,1
LF:16
LH:16
BRDA:18,0,0,5
BRDA:18,0,1,0
BRDA:40,1,0,1
BRDA:40,1,1,0
BRF:4
BRH:2
end_of_record
TN:
SF:src\services\disciplinaService.ts
FN:4,(anonymous_7)
FN:7,(anonymous_8)
FN:11,(anonymous_10)
FN:15,(anonymous_12)
FN:19,(anonymous_14)
FN:23,(anonymous_16)
FNF:6
FNH:3
FNDA:10,(anonymous_7)
FNDA:4,(anonymous_8)
FNDA:0,(anonymous_10)
FNDA:0,(anonymous_12)
FNDA:0,(anonymous_14)
FNDA:1,(anonymous_16)
DA:2,2
DA:4,2
DA:5,10
DA:8,4
DA:12,0
DA:16,0
DA:20,0
DA:24,1
LF:8
LH:5
BRF:0
BRH:0
end_of_record
TN:
SF:src\services\lembretesService.ts
FN:5,(anonymous_7)
FN:8,(anonymous_8)
FN:13,(anonymous_10)
FN:17,(anonymous_12)
FN:21,(anonymous_14)
FN:26,(anonymous_16)
FNF:6
FNH:2
FNDA:5,(anonymous_7)
FNDA:1,(anonymous_8)
FNDA:0,(anonymous_10)
FNDA:0,(anonymous_12)
FNDA:0,(anonymous_14)
FNDA:0,(anonymous_16)
DA:2,1
DA:5,1
DA:6,5
DA:9,1
DA:10,1
DA:14,0
DA:18,0
DA:22,0
DA:23,0
DA:27,0
LF:10
LH:5
BRDA:10,0,0,0
BRDA:10,0,1,1
BRDA:23,1,0,0
BRDA:23,1,1,0
BRF:4
BRH:1
end_of_record
TN:
SF:src\services\materiaisService.ts
FN:5,(anonymous_7)
FN:8,(anonymous_8)
FN:12,(anonymous_10)
FN:16,(anonymous_12)
FN:20,(anonymous_14)
FN:24,(anonymous_16)
FNF:6
FNH:1
FNDA:5,(anonymous_7)
FNDA:0,(anonymous_8)
FNDA:0,(anonymous_10)
FNDA:0,(anonymous_12)
FNDA:0,(anonymous_14)
FNDA:0,(anonymous_16)
DA:2,1
DA:5,1
DA:6,5
DA:9,0
DA:13,0
DA:17,0
DA:21,0
DA:25,0
LF:8
LH:3
BRF:0
BRH:0
end_of_record
