TN:
SF:src/config/database.ts
FNF:0
FNH:0
DA:1,1
DA:2,1
DA:5,1
DA:8,1
DA:19,1
LF:5
LH:5
BRF:0
BRH:0
end_of_record
TN:
SF:src/models/User.ts
FNF:0
FNH:0
DA:1,1
DA:2,1
DA:18,1
DA:27,1
LF:4
LH:4
BRF:0
BRH:0
end_of_record
TN:
SF:src/repository/UserRepository.ts
FN:5,(anonymous_7)
FN:13,(anonymous_9)
FN:19,(anonymous_11)
FN:33,(anonymous_13)
FN:38,(anonymous_15)
FNF:5
FNH:1
FNDA:1,(anonymous_7)
FNDA:0,(anonymous_9)
FNDA:0,(anonymous_11)
FNDA:0,(anonymous_13)
FNDA:0,(anonymous_15)
DA:1,1
DA:3,1
DA:10,1
DA:14,0
DA:27,0
DA:28,0
DA:34,0
DA:39,0
DA:40,0
DA:41,0
DA:42,0
DA:43,0
DA:45,0
LF:13
LH:3
BRDA:28,0,0,0
BRDA:28,0,1,0
BRDA:41,1,0,0
BRDA:41,1,1,0
BRF:4
BRH:0
end_of_record
TN:
SF:src/services/UserService.ts
FN:11,(anonymous_7)
FN:21,(anonymous_9)
FN:25,(anonymous_11)
FN:37,(anonymous_13)
FN:41,(anonymous_15)
FNF:5
FNH:1
FNDA:1,(anonymous_7)
FNDA:0,(anonymous_9)
FNDA:0,(anonymous_11)
FNDA:0,(anonymous_13)
FNDA:0,(anonymous_15)
DA:1,1
DA:2,1
DA:6,1
DA:7,1
DA:16,1
DA:18,1
DA:22,0
DA:30,0
DA:31,0
DA:34,0
DA:38,0
DA:42,0
DA:46,1
LF:13
LH:7
BRDA:30,0,0,0
BRDA:30,0,1,0
BRF:2
BRH:0
end_of_record
